<?xml version="1.0" encoding="UTF-8"?>
<testng-results ignored="0" total="1" passed="1" failed="0" skipped="0">
  <reporter-output>
  </reporter-output>
  <suite started-at="2018-07-27T03:18:29Z" name="Default suite" finished-at="2018-07-27T03:18:52Z" duration-ms="23151">
    <groups>
    </groups>
    <test started-at="2018-07-27T03:18:29Z" name="Default test" finished-at="2018-07-27T03:18:52Z" duration-ms="23151">
      <class name="demojava9.TestCase">
        <test-method signature="tc()[pri:0, instance:demojava9.TestCase@24fcf36f]" started-at="2018-07-27T03:18:29Z" name="tc" finished-at="2018-07-27T03:18:52Z" duration-ms="23120" status="PASS">
          <reporter-output>
          </reporter-output>
        </test-method> <!-- tc -->
      </class> <!-- demojava9.TestCase -->
    </test> <!-- Default test -->
  </suite> <!-- Default suite -->
</testng-results>
